<?xml version="1.0" encoding="UTF-8"?>
<testng-results ignored="0" total="1" passed="1" failed="0" skipped="0">
  <reporter-output>
  </reporter-output>
  <suite started-at="2023-03-03T10:33:13 IST" name="jenkinssuite" finished-at="2023-03-03T10:33:29 IST" duration-ms="16279">
    <groups>
    </groups>
    <test started-at="2023-03-03T10:33:13 IST" name="smoketest" finished-at="2023-03-03T10:33:29 IST" duration-ms="16279">
      <class name="com.telus.NewTest">
        <test-method signature="registerDemo()[pri:0, instance:com.telus.NewTest@4e7912d8]" started-at="2023-03-03T10:33:13 IST" name="registerDemo" finished-at="2023-03-03T10:33:29 IST" duration-ms="16035" status="PASS">
          <reporter-output>
          </reporter-output>
        </test-method> <!-- registerDemo -->
      </class> <!-- com.telus.NewTest -->
    </test> <!-- smoketest -->
  </suite> <!-- jenkinssuite -->
</testng-results>
